<?xml version="1.0" encoding="UTF-8"?>
<!-- Generated by org.testng.reporters.JUnitXMLReporter -->
<testsuite ignored="2" hostname="LAPTOP-0DGRR6PP" failures="0" tests="1" name="mytest" time="0.085" errors="0" timestamp="2025-07-29T10:57:49 IST">
  <testcase classname="automationCore.BaseClass" name="@BeforeMethod initialiseBrowser" time="-1.753766869373E9">
    <failure type="org.testng.TestNGException" message="
Parameter &amp;apos;browser&amp;apos; is required by BeforeMethod on method initialiseBrowser but has not been marked @Optional or defined
in C:\Users\MINNU\eclipse-workspace\GroceryApplication\grouptest.xml">
      <![CDATA[org.testng.TestNGException: 
Parameter 'browser' is required by BeforeMethod on method initialiseBrowser but has not been marked @Optional or defined
in C:\Users\MINNU\eclipse-workspace\GroceryApplication\grouptest.xml
at java.base/java.util.ArrayList.forEach(ArrayList.java:1511)
... Removed 28 stack frames]]>
    </failure>
  </testcase> <!-- @BeforeMethod initialiseBrowser -->
  <testcase classname="testscript.ManageNewsTest" name="verifyNotExistingNews" time="0.0">
    <skipped/>
  </testcase> <!-- verifyNotExistingNews -->
  <testcase classname="testscript.ManageNewsTest" name="verifyAddNewNewsWithValidData" time="0.0">
    <ignored/>
  </testcase> <!-- verifyAddNewNewsWithValidData -->
  <testcase classname="testscript.ManageNewsTest" name="verifyExistingNewsDeleted" time="0.0">
    <ignored/>
  </testcase> <!-- verifyExistingNewsDeleted -->
</testsuite> <!-- mytest -->
